app/components/StripeGateway.tsx(2,10): error TS2305: Module '"../context/StripePaymentContext"' has no exported member 'useStripePayment'.
app/components/screens/CourseScreen.tsx(92,81): error TS2339: Property 'unwrap' does not exist on type 'Promise<{ data: any; error?: undefined; } | { data?: undefined; error: unknown; }>'.
app/components/screens/Courses/CourseCard.tsx(122,21): error TS2339: Property 'thumbnail' does not exist on type 'Course'.
app/components/screens/Courses/CourseCard.tsx(168,21): error TS2339: Property 'duration' does not exist on type 'Course'.
app/components/screens/Courses/CourseContent.tsx(15,73): error TS2322: Type 'string' is not assignable to type 'number'.
app/components/screens/Courses/CourseContent.tsx(16,73): error TS2322: Type 'string' is not assignable to type 'number'.
app/components/screens/Courses/CourseContent.tsx(17,73): error TS2322: Type 'string' is not assignable to type 'number'.
app/components/screens/Courses/CourseContent.tsx(18,73): error TS2322: Type 'string' is not assignable to type 'number'.
app/components/screens/Courses/CourseContent.tsx(24,73): error TS2322: Type 'string' is not assignable to type 'number'.
app/components/screens/Courses/CourseContent.tsx(25,73): error TS2322: Type 'string' is not assignable to type 'number'.
app/components/screens/Courses/CourseContent.tsx(26,73): error TS2322: Type 'string' is not assignable to type 'number'.
app/components/screens/Courses/CourseContent.tsx(27,73): error TS2322: Type 'string' is not assignable to type 'number'.
app/components/screens/MyCoursesScreen.tsx(51,54): error TS2339: Property 'data' does not exist on type 'any[]'.
app/components/screens/MyCoursesScreen.tsx(198,12): error TS2741: Property 'courseId' is missing in type '{ isOpen: boolean; onClose: () => void; }' but required in type 'SelectCourseVideoModalProps'.
app/components/screens/MyCoursesScreen.tsx(223,47): error TS2739: Type 'EnrolledCourse' is missing the following properties from type 'Course': visibility, chapters
app/components/screens/SettingScreen.tsx(155,25): error TS2339: Property 'data' does not exist on type 'any[] | { data: never[]; }'.
  Property 'data' does not exist on type 'any[]'.
app/components/screens/VideoAnnotationTeacher/CourseInstructorDetail.tsx(275,16): error TS2345: Argument of type 'void' is not assignable to parameter of type 'UnknownAction'.
app/components/screens/VideoAnnotationTeacher/CourseInstructorDetail.tsx(298,16): error TS2345: Argument of type 'void' is not assignable to parameter of type 'UnknownAction'.
app/components/screens/VideoAnnotationTeacher/CourseInstructorDetail.tsx(307,16): error TS2345: Argument of type 'void' is not assignable to parameter of type 'UnknownAction'.
app/components/screens/VideoAnnotationTeacher/CourseInstructorDetail.tsx(313,16): error TS2345: Argument of type 'void' is not assignable to parameter of type 'UnknownAction'.
app/components/screens/VideoEditor/VideoEditorTimeline.tsx(173,11): error TS2322: Type '{ id: string; type: "audio"; file: File; url: string; duration: number; }[]' is not assignable to type 'AiFile[]'.
  Property 'thumbnails' is missing in type '{ id: string; type: "audio"; file: File; url: string; duration: number; }' but required in type 'AiFile'.
app/components/screens/VideoEditor/VideoEditorTimeline.tsx(205,5): error TS2304: Cannot find name 'setDraggingVideoIndex'.
app/components/screens/VideoEditor/VideoEditorTimeline.tsx(213,9): error TS2304: Cannot find name 'draggingVideoIndex'.
app/components/screens/VideoEditor/VideoEditorTimeline.tsx(213,40): error TS2304: Cannot find name 'draggingVideoIndex'.
app/components/screens/VideoEditor/VideoEditorTimeline.tsx(216,46): error TS2304: Cannot find name 'draggingVideoIndex'.
app/components/screens/VideoEditor/VideoEditorTimeline.tsx(218,5): error TS2304: Cannot find name 'setDraggingVideoIndex'.
app/components/screens/VideoEditor/VideoEditorTimeline.tsx(223,5): error TS2304: Cannot find name 'setDraggingVideoIndex'.
app/components/screens/VideoEditor/VideoEditorTimeline.tsx(294,24): error TS2304: Cannot find name 'tailwind'.
app/components/screens/VideoEditor/VideoEditorTools.tsx(278,34): error TS2304: Cannot find name 'index'.
app/components/screens/VideoEditor/WavesurferEditor.tsx(4,24): error TS2307: Cannot find module '../../assets/tayyabMaleVoice.mp3' or its corresponding type declarations.
app/components/screens/VideoScreen/VideoJourney.tsx(14,28): error TS2339: Property 'data' does not exist on type 'any[]'.
app/components/screens/VideoScreen/VideoJourneyDetail.tsx(191,46): error TS7031: Binding element 'videos' implicitly has an 'any' type.
app/components/screens/VideoScreen/VideoJourneyDetail.tsx(212,14): error TS2339: Property 'title' does not exist on type 'Asset'.
app/components/screens/VideoScreen/VideoJourneyDetail.tsx(275,36): error TS2339: Property 'title' does not exist on type 'Asset'.
app/components/screens/VideoScreen/VideoJourneyDetail.tsx(297,30): error TS2339: Property 'title' does not exist on type 'Asset'.
app/components/screens/Videos/AIAgents.tsx(20,39): error TS2339: Property 'current' does not exist on type 'number'.
app/components/screens/Videos/AIAgents.tsx(34,56): error TS2322: Type 'number' is not assignable to type 'MutableRefObject<number>'.
app/components/screens/Videos/AIAgents.tsx(43,57): error TS2322: Type 'number' is not assignable to type 'MutableRefObject<number>'.
app/components/screens/Videos/AIAgents.tsx(52,59): error TS2322: Type 'number' is not assignable to type 'MutableRefObject<number>'.
app/components/screens/Videos/AIAgents.tsx(61,51): error TS2322: Type 'number' is not assignable to type 'MutableRefObject<number>'.
app/components/screens/Videos/CourseContent.tsx(20,11): error TS2322: Type 'string' is not assignable to type 'number'.
app/components/screens/Videos/CourseContent.tsx(24,11): error TS2322: Type 'string' is not assignable to type 'number'.
app/components/screens/Videos/CourseContent.tsx(33,11): error TS2322: Type 'string' is not assignable to type 'number'.
app/components/screens/Videos/CourseContent.tsx(37,11): error TS2322: Type 'string' is not assignable to type 'number'.
app/components/screens/Videos/CourseContent.tsx(106,43): error TS2345: Argument of type '{ title: string; duration: number; }' is not assignable to parameter of type 'Video'.
  Type '{ title: string; duration: number; }' is missing the following properties from type 'Video': id, video_url, yt_video_id, video_source, chapter_id
app/components/screens/Videos/NewVideoPlayer.tsx(745,52): error TS2339: Property 'current' does not exist on type 'number'.
app/components/screens/Videos/NewVideoPlayer.tsx(796,39): error TS2339: Property 'current' does not exist on type 'number'.
app/components/screens/Videos/NewVideoPlayer.tsx(827,41): error TS2339: Property 'current' does not exist on type 'number'.
app/components/screens/Videos/VideoDetailSection.tsx(32,29): error TS2339: Property 'instructor' does not exist on type 'Video'.
app/components/screens/Videos/VideoDetailSection.tsx(33,29): error TS2339: Property 'instructor' does not exist on type 'Video'.
app/components/screens/Videos/VideoDetailSection.tsx(47,25): error TS2339: Property 'instructor' does not exist on type 'Video'.
app/components/screens/Videos/VideoDetailSection.tsx(50,25): error TS2339: Property 'instructor' does not exist on type 'Video'.
app/components/screens/Videos/VideoDetailSection.tsx(58,23): error TS2339: Property 'instructor' does not exist on type 'Video'.
app/components/screens/moderator-view/CourseContent.tsx(19,11): error TS2322: Type 'string' is not assignable to type 'number'.
app/components/screens/moderator-view/CourseContent.tsx(23,11): error TS2322: Type 'string' is not assignable to type 'number'.
app/components/screens/moderator-view/CourseContent.tsx(32,11): error TS2322: Type 'string' is not assignable to type 'number'.
app/components/screens/moderator-view/CourseContent.tsx(36,11): error TS2322: Type 'string' is not assignable to type 'number'.
app/components/screens/moderator-view/CourseContent.tsx(105,43): error TS2345: Argument of type '{ title: string; duration: number; }' is not assignable to parameter of type 'Video'.
  Type '{ title: string; duration: number; }' is missing the following properties from type 'Video': id, video_url, yt_video_id, video_source, chapter_id
app/context/PuzzleCheck.tsx(2,10): error TS2305: Module '"socket.io-client"' has no exported member 'io'.
app/context/YoutubePlayerContext.tsx(100,12): error TS2339: Property 'YTConfig' does not exist on type 'Window & typeof globalThis'.
app/context/YoutubePlayerContext.tsx(197,9): error TS18047: 'duration' is possibly 'null'.
app/context/YoutubePlayerContext.tsx(201,18): error TS2345: Argument of type 'number | null' is not assignable to parameter of type 'SetStateAction<number>'.
  Type 'null' is not assignable to type 'SetStateAction<number>'.
app/context/YoutubePlayerContext.tsx(207,61): error TS2345: Argument of type 'number | null' is not assignable to parameter of type 'number'.
  Type 'null' is not assignable to type 'number'.
app/context/YoutubePlayerContext.tsx(237,5): error TS2448: Block-scoped variable 'seekTo' used before its declaration.
app/context/YoutubePlayerContext.tsx(237,5): error TS2454: Variable 'seekTo' is used before being assigned.
app/context/YoutubePlayerContext.tsx(380,5): error TS2448: Block-scoped variable 'updateProgressBar' used before its declaration.
app/context/YoutubePlayerContext.tsx(380,5): error TS2454: Variable 'updateProgressBar' is used before being assigned.
app/hooks/useApi.ts(3,10): error TS2305: Module '"socket.io-client"' has no exported member 'io'.
app/hooks/useFormatDateTime.ts(1,58): error TS2307: Cannot find module 'date-fns' or its corresponding type declarations.
app/hooks/useFormatDateTime.ts(4,32): error TS7006: Parameter 'dateString' implicitly has an 'any' type.
app/hooks/usePuzzleCheck.ts(2,10): error TS2305: Module '"socket.io-client"' has no exported member 'io'.
app/hooks/usePuzzleCheck.ts(42,33): error TS2339: Property 'onDataChange' does not exist on type 'PuzzleCheckInterface'.
app/hooks/usePuzzleCheck.ts(48,33): error TS2339: Property 'onLoadingChange' does not exist on type 'PuzzleCheckInterface'.
app/hooks/usePuzzleCheck.ts(52,33): error TS2339: Property 'onStreamChange' does not exist on type 'PuzzleCheckInterface'.
app/hooks/usePuzzleCheck.ts(56,33): error TS2339: Property 'onScoreChange' does not exist on type 'PuzzleCheckInterface'.
app/hooks/usePuzzleCheck.ts(92,7): error TS2554: Expected 1 arguments, but got 0.
app/hooks/usePuzzlePath.ts(112,43): error TS2345: Argument of type '{ error: any; }' is not assignable to parameter of type 'VideoData'.
  Property 'id' is missing in type '{ error: any; }' but required in type 'VideoData'.
app/hooks/useSocket.ts(2,10): error TS2305: Module '"socket.io-client"' has no exported member 'io'.
app/hooks/useSocket.ts(15,7): error TS18047: 'socketRef.current' is possibly 'null'.
app/hooks/useSocket.ts(16,42): error TS18047: 'socketRef.current' is possibly 'null'.
app/hooks/useSocket.ts(19,7): error TS18047: 'socketRef.current' is possibly 'null'.
app/hooks/useSocket.ts(19,46): error TS7006: Parameter 'error' implicitly has an 'any' type.
app/hooks/useSocket.ts(23,7): error TS18047: 'socketRef.current' is possibly 'null'.
app/hooks/useSocket.ts(23,43): error TS7006: Parameter 'reason' implicitly has an 'any' type.
app/hooks/useSocket.ts(30,50): error TS2339: Property 'connected' does not exist on type 'never'.
app/hooks/useSocket.ts(32,25): error TS2339: Property 'connect' does not exist on type 'never'.
app/hooks/useSocket.ts(39,49): error TS2339: Property 'connected' does not exist on type 'never'.
app/hooks/useSocket.ts(41,25): error TS2339: Property 'disconnect' does not exist on type 'never'.
app/hooks/useSocket.ts(47,28): error TS7006: Parameter 'event' implicitly has an 'any' type.
app/hooks/useSocket.ts(47,35): error TS7019: Rest parameter 'args' implicitly has an 'any[]' type.
app/hooks/useSocket.ts(48,28): error TS2339: Property 'connected' does not exist on type 'never'.
app/hooks/useSocket.ts(49,25): error TS2339: Property 'emit' does not exist on type 'never'.
app/hooks/useSocket.ts(55,20): error TS7006: Parameter 'event' implicitly has an 'any' type.
app/hooks/useSocket.ts(55,27): error TS7006: Parameter 'callback' implicitly has an 'any' type.
app/hooks/useSocket.ts(57,25): error TS2339: Property 'on' does not exist on type 'never'.
app/hooks/useSocket.ts(66,21): error TS7006: Parameter 'event' implicitly has an 'any' type.
app/hooks/useSocket.ts(68,25): error TS2339: Property 'off' does not exist on type 'never'.
app/hooks/useSocket.ts(78,31): error TS2339: Property 'connected' does not exist on type 'never'.
app/redux/hooks/useAuthenticatedCourseApi.ts(56,41): error TS2345: Argument of type 'string | null' is not assignable to parameter of type 'string | unique symbol | undefined'.
  Type 'null' is not assignable to type 'string | unique symbol | undefined'.
app/services/videoExport.service.ts(170,44): error TS2367: This comparison appears to be unintentional because the types '"video" | "audio" | undefined' and '"ai-audio"' have no overlap.
app/ssrComponent/Layout.tsx(92,44): error TS2559: Type 'UserState' has no properties in common with type 'User'.
app/testapi/page.tsx(169,24): error TS2554: Expected 1 arguments, but got 0.
app/testapi/page.tsx(179,25): error TS2554: Expected 1 arguments, but got 0.
app/testapi/page.tsx(189,24): error TS2554: Expected 1 arguments, but got 0.
app/testapi/page.tsx(200,67): error TS2339: Property 'data' does not exist on type '{ getReflect: () => Promise<void>; createAudioReflect: (blob: Blob, id: string, currentTime: number) => Promise<any>; createVideoReflect: (file: File, id: string) => Promise<...>; createLoomLinkReflect: (loom_link: string, id: string) => Promise<...>; createFileReflect: (files: File[], id: string) => Promise<...>; r...'.
app/testapi/page.tsx(221,40): error TS2551: Property 'getPuzzleReflectById' does not exist on type '{ getReflect: () => Promise<void>; createAudioReflect: (blob: Blob, id: string, currentTime: number) => Promise<any>; createVideoReflect: (file: File, id: string) => Promise<...>; createLoomLinkReflect: (loom_link: string, id: string) => Promise<...>; createFileReflect: (files: File[], id: string) => Promise<...>; r...'. Did you mean 'getAllPuzzleReflects'?
